{"total": {"lines":{"total":322,"covered":316,"skipped":0,"pct":98.13},"statements":{"total":369,"covered":361,"skipped":0,"pct":97.83},"functions":{"total":157,"covered":152,"skipped":0,"pct":96.81},"branches":{"total":249,"covered":225,"skipped":0,"pct":90.36},"branchesTrue":{"total":0,"covered":0,"skipped":0,"pct":100}}
,"/Users/clarriu/projects/github/2pz/web/functions/api/chat.js": {"lines":{"total":130,"covered":128,"skipped":0,"pct":98.46},"functions":{"total":49,"covered":48,"skipped":0,"pct":97.95},"statements":{"total":148,"covered":145,"skipped":0,"pct":97.97},"branches":{"total":79,"covered":74,"skipped":0,"pct":93.67}}
,"/Users/clarriu/projects/github/2pz/web/src/App.tsx": {"lines":{"total":22,"covered":22,"skipped":0,"pct":100},"functions":{"total":8,"covered":8,"skipped":0,"pct":100},"statements":{"total":27,"covered":27,"skipped":0,"pct":100},"branches":{"total":31,"covered":27,"skipped":0,"pct":87.09}}
,"/Users/clarriu/projects/github/2pz/web/src/data.ts": {"lines":{"total":13,"covered":13,"skipped":0,"pct":100},"functions":{"total":6,"covered":6,"skipped":0,"pct":100},"statements":{"total":14,"covered":14,"skipped":0,"pct":100},"branches":{"total":5,"covered":5,"skipped":0,"pct":100}}
,"/Users/clarriu/projects/github/2pz/web/src/components/ChatPanel.tsx": {"lines":{"total":49,"covered":49,"skipped":0,"pct":100},"functions":{"total":15,"covered":15,"skipped":0,"pct":100},"statements":{"total":56,"covered":55,"skipped":0,"pct":98.21},"branches":{"total":35,"covered":32,"skipped":0,"pct":91.42}}
,"/Users/clarriu/projects/github/2pz/web/src/components/Contributions.tsx": {"lines":{"total":13,"covered":13,"skipped":0,"pct":100},"functions":{"total":10,"covered":10,"skipped":0,"pct":100},"statements":{"total":17,"covered":17,"skipped":0,"pct":100},"branches":{"total":17,"covered":13,"skipped":0,"pct":76.47}}
,"/Users/clarriu/projects/github/2pz/web/src/components/DetailPanel.tsx": {"lines":{"total":34,"covered":34,"skipped":0,"pct":100},"functions":{"total":23,"covered":23,"skipped":0,"pct":100},"statements":{"total":42,"covered":42,"skipped":0,"pct":100},"branches":{"total":34,"covered":30,"skipped":0,"pct":88.23}}
,"/Users/clarriu/projects/github/2pz/web/src/components/HowItWorks.tsx": {"lines":{"total":12,"covered":12,"skipped":0,"pct":100},"functions":{"total":7,"covered":7,"skipped":0,"pct":100},"statements":{"total":12,"covered":12,"skipped":0,"pct":100},"branches":{"total":6,"covered":6,"skipped":0,"pct":100}}
,"/Users/clarriu/projects/github/2pz/web/src/components/MapControls.tsx": {"lines":{"total":9,"covered":9,"skipped":0,"pct":100},"functions":{"total":6,"covered":6,"skipped":0,"pct":100},"statements":{"total":9,"covered":9,"skipped":0,"pct":100},"branches":{"total":12,"covered":11,"skipped":0,"pct":91.66}}
,"/Users/clarriu/projects/github/2pz/web/src/components/Ranking.tsx": {"lines":{"total":40,"covered":36,"skipped":0,"pct":90},"functions":{"total":33,"covered":29,"skipped":0,"pct":87.87},"statements":{"total":44,"covered":40,"skipped":0,"pct":90.9},"branches":{"total":30,"covered":27,"skipped":0,"pct":90}}
}
