TN:
SF:functions/api/chat.js
FN:184,(anonymous_0)
FN:186,(anonymous_1)
FN:187,(anonymous_2)
FN:196,(anonymous_3)
FN:211,matchBranch
FN:223,(anonymous_5)
FN:224,(anonymous_6)
FN:225,(anonymous_7)
FN:226,(anonymous_8)
FN:227,(anonymous_9)
FN:228,(anonymous_10)
FN:229,(anonymous_11)
FN:232,runTool
FN:252,(anonymous_13)
FN:253,(anonymous_14)
FN:256,(anonymous_15)
FN:257,(anonymous_16)
FN:264,(anonymous_17)
FN:267,(anonymous_18)
FN:271,(anonymous_19)
FN:281,(anonymous_20)
FN:311,(anonymous_21)
FN:312,(anonymous_22)
FN:312,(anonymous_23)
FN:313,(anonymous_24)
FN:313,(anonymous_25)
FN:318,(anonymous_26)
FN:319,(anonymous_27)
FN:321,(anonymous_28)
FN:330,(anonymous_29)
FN:340,(anonymous_30)
FN:341,(anonymous_31)
FN:344,(anonymous_32)
FN:352,(anonymous_33)
FN:353,(anonymous_34)
FN:354,(anonymous_35)
FN:360,(anonymous_36)
FN:375,(anonymous_37)
FN:377,(anonymous_38)
FN:378,(anonymous_39)
FN:380,(anonymous_40)
FN:384,(anonymous_41)
FN:415,loadData
FN:417,(anonymous_43)
FN:434,(anonymous_44)
FN:438,(anonymous_45)
FN:444,onRequestPost
FN:491,(anonymous_47)
FN:492,(anonymous_48)
FNF:49
FNH:48
FNDA:29,(anonymous_0)
FNDA:60,(anonymous_1)
FNDA:75,(anonymous_2)
FNDA:47,(anonymous_3)
FNDA:28,matchBranch
FNDA:36,(anonymous_5)
FNDA:4,(anonymous_6)
FNDA:6,(anonymous_7)
FNDA:6,(anonymous_8)
FNDA:14,(anonymous_9)
FNDA:4,(anonymous_10)
FNDA:4,(anonymous_11)
FNDA:58,runTool
FNDA:30,(anonymous_13)
FNDA:30,(anonymous_14)
FNDA:30,(anonymous_15)
FNDA:30,(anonymous_16)
FNDA:3,(anonymous_17)
FNDA:3,(anonymous_18)
FNDA:37,(anonymous_19)
FNDA:9,(anonymous_20)
FNDA:12,(anonymous_21)
FNDA:12,(anonymous_22)
FNDA:1,(anonymous_23)
FNDA:12,(anonymous_24)
FNDA:11,(anonymous_25)
FNDA:12,(anonymous_26)
FNDA:12,(anonymous_27)
FNDA:10,(anonymous_28)
FNDA:56,(anonymous_29)
FNDA:24,(anonymous_30)
FNDA:60,(anonymous_31)
FNDA:30,(anonymous_32)
FNDA:6,(anonymous_33)
FNDA:6,(anonymous_34)
FNDA:0,(anonymous_35)
FNDA:4,(anonymous_36)
FNDA:2,(anonymous_37)
FNDA:17,(anonymous_38)
FNDA:14,(anonymous_39)
FNDA:6,(anonymous_40)
FNDA:13,(anonymous_41)
FNDA:15,loadData
FNDA:60,(anonymous_43)
FNDA:28,(anonymous_44)
FNDA:18,(anonymous_45)
FNDA:18,onRequestPost
FNDA:26,(anonymous_47)
FNDA:25,(anonymous_48)
DA:20,1
DA:21,1
DA:23,1
DA:49,1
DA:184,1
DA:185,29
DA:186,60
DA:187,75
DA:196,47
DA:212,28
DA:213,28
DA:222,1
DA:223,36
DA:224,4
DA:225,6
DA:226,6
DA:227,14
DA:228,4
DA:229,4
DA:233,58
DA:235,58
DA:237,10
DA:252,30
DA:253,30
DA:256,30
DA:257,30
DA:263,15
DA:264,15
DA:265,15
DA:266,1
DA:267,3
DA:269,15
DA:270,15
DA:271,37
DA:272,15
DA:273,15
DA:277,11
DA:278,11
DA:279,3
DA:281,9
DA:284,8
DA:309,7
DA:311,12
DA:312,12
DA:313,12
DA:314,7
DA:315,3
DA:317,4
DA:318,12
DA:319,12
DA:321,4
DA:322,10
DA:323,10
DA:330,56
DA:334,4
DA:341,60
DA:342,24
DA:344,30
DA:350,6
DA:351,6
DA:352,6
DA:353,6
DA:355,0
DA:358,6
DA:360,4
DA:372,8
DA:373,8
DA:374,1
DA:375,2
DA:377,17
DA:378,14
DA:379,8
DA:380,6
DA:382,8
DA:384,13
DA:405,1
DA:416,15
DA:417,15
DA:418,60
DA:421,56
DA:422,56
DA:424,15
DA:430,14
DA:434,28
DA:438,1
DA:439,18
DA:445,18
DA:446,1
DA:457,17
DA:458,17
DA:460,1
DA:463,16
DA:464,18
DA:467,15
DA:468,15
DA:470,1
DA:473,14
DA:474,14
DA:475,1
DA:481,13
DA:482,1
DA:489,14
DA:491,26
DA:492,25
DA:495,14
DA:502,14
DA:503,22
DA:518,22
DA:519,1
DA:520,1
DA:523,21
DA:524,21
DA:525,22
DA:526,22
DA:528,20
DA:530,20
DA:531,22
DA:532,11
DA:535,9
DA:536,9
DA:537,9
DA:538,9
DA:540,1
DA:543,9
DA:544,9
DA:546,0
DA:548,9
DA:549,9
DA:559,9
DA:565,1
LF:130
LH:128
BRDA:214,0,0,28
BRDA:214,0,1,7
BRDA:214,0,2,6
BRDA:214,0,3,5
BRDA:214,0,4,5
BRDA:235,1,0,10
BRDA:235,1,1,15
BRDA:235,1,2,11
BRDA:235,1,3,7
BRDA:235,1,4,6
BRDA:235,1,5,8
BRDA:235,1,6,1
BRDA:264,2,0,1
BRDA:264,2,1,14
BRDA:265,3,0,1
BRDA:265,3,1,14
BRDA:269,4,0,15
BRDA:269,4,1,7
BRDA:270,5,0,1
BRDA:270,5,1,14
BRDA:272,6,0,15
BRDA:272,6,1,4
BRDA:278,7,0,3
BRDA:278,7,1,8
BRDA:304,8,0,8
BRDA:304,8,1,1
BRDA:309,9,0,7
BRDA:309,9,1,2
BRDA:314,10,0,3
BRDA:314,10,1,4
BRDA:341,11,0,60
BRDA:341,11,1,4
BRDA:350,12,0,6
BRDA:350,12,1,3
BRDA:357,13,0,6
BRDA:357,13,1,6
BRDA:373,14,0,1
BRDA:373,14,1,7
BRDA:377,15,0,17
BRDA:377,15,1,14
BRDA:378,16,0,7
BRDA:378,16,1,1
BRDA:381,17,0,8
BRDA:381,17,1,6
BRDA:399,18,0,13
BRDA:399,18,1,13
BRDA:421,19,0,0
BRDA:421,19,1,56
BRDA:438,20,0,18
BRDA:445,21,0,1
BRDA:445,21,1,17
BRDA:463,22,0,16
BRDA:463,22,1,0
BRDA:464,23,0,1
BRDA:464,23,1,17
BRDA:474,24,0,1
BRDA:474,24,1,13
BRDA:481,25,0,1
BRDA:481,25,1,12
BRDA:491,26,0,26
BRDA:491,26,1,7
BRDA:492,27,0,25
BRDA:492,27,1,0
BRDA:510,28,0,22
BRDA:510,28,1,21
BRDA:518,29,0,1
BRDA:518,29,1,21
BRDA:526,30,0,1
BRDA:526,30,1,21
BRDA:530,31,0,20
BRDA:530,31,1,11
BRDA:531,32,0,11
BRDA:531,32,1,11
BRDA:532,33,0,11
BRDA:532,33,1,0
BRDA:538,34,0,9
BRDA:538,34,1,0
BRDA:555,35,0,8
BRDA:555,35,1,1
BRF:79
BRH:74
end_of_record
TN:
SF:src/App.tsx
FN:21,App
FN:34,(anonymous_1)
FN:37,(anonymous_2)
FN:42,select
FN:47,(anonymous_4)
FN:50,(anonymous_5)
FN:99,(anonymous_6)
FN:105,(anonymous_7)
FNF:8
FNH:8
FNDA:36,App
FNDA:14,(anonymous_1)
FNDA:1,(anonymous_2)
FNDA:4,select
FNDA:1,(anonymous_4)
FNDA:26,(anonymous_5)
FNDA:105,(anonymous_6)
FNDA:4,(anonymous_7)
DA:13,1
DA:22,36
DA:23,36
DA:24,36
DA:25,36
DA:26,36
DA:34,36
DA:35,14
DA:37,1
DA:43,4
DA:44,4
DA:47,4
DA:50,36
DA:51,26
DA:52,12
DA:53,12
DA:56,36
DA:57,1
DA:71,35
DA:73,21
DA:100,105
DA:105,4
LF:22
LH:22
BRDA:44,0,0,1
BRDA:44,0,1,3
BRDA:44,1,0,4
BRDA:44,1,1,4
BRDA:44,1,2,3
BRDA:47,2,0,1
BRDA:47,2,1,3
BRDA:47,3,0,0
BRDA:47,3,1,1
BRDA:51,4,0,14
BRDA:51,4,1,12
BRDA:53,5,0,12
BRDA:53,5,1,0
BRDA:53,6,0,26
BRDA:53,6,1,0
BRDA:53,7,0,26
BRDA:53,7,1,0
BRDA:56,8,0,1
BRDA:56,8,1,35
BRDA:71,9,0,14
BRDA:71,9,1,21
BRDA:112,10,0,1
BRDA:112,10,1,20
BRDA:118,11,0,20
BRDA:118,11,1,17
BRDA:121,12,0,20
BRDA:121,12,1,1
BRDA:122,13,0,20
BRDA:122,13,1,1
BRDA:123,14,0,20
BRDA:123,14,1,1
BRF:31
BRH:27
end_of_record
TN:
SF:src/data.ts
FN:6,loadDataset
FN:8,(anonymous_1)
FN:30,(anonymous_2)
FN:46,fmtKm
FN:50,fmtPct
FN:54,fmtSigned
FNF:6
FNH:6
FNDA:17,loadDataset
FNDA:102,(anonymous_1)
FNDA:28,(anonymous_2)
FNDA:45,fmtKm
FNDA:116,fmtPct
FNDA:138,fmtSigned
DA:7,17
DA:8,17
DA:9,102
DA:10,96
DA:11,84
DA:14,17
DA:23,14
DA:30,28
DA:34,5
DA:40,5
DA:47,45
DA:51,116
DA:55,138
LF:13
LH:13
BRDA:10,0,0,12
BRDA:10,0,1,84
BRDA:50,1,0,116
BRDA:55,2,0,94
BRDA:55,2,1,44
BRF:5
BRH:5
end_of_record
TN:
SF:src/components/ChatPanel.tsx
FN:30,(anonymous_0)
FN:42,linkify
FN:54,(anonymous_2)
FN:59,(anonymous_3)
FN:82,ChatPanel
FN:102,(anonymous_5)
FN:107,send
FN:121,(anonymous_7)
FN:192,(anonymous_8)
FN:193,(anonymous_9)
FN:201,(anonymous_10)
FN:211,(anonymous_11)
FN:215,(anonymous_12)
FN:237,(anonymous_13)
FN:244,(anonymous_14)
FNF:15
FNH:15
FNDA:22,(anonymous_0)
FNDA:11,linkify
FNDA:9,(anonymous_2)
FNDA:1,(anonymous_3)
FNDA:84,ChatPanel
FNDA:39,(anonymous_5)
FNDA:11,send
FNDA:11,(anonymous_7)
FNDA:310,(anonymous_8)
FNDA:8,(anonymous_9)
FNDA:33,(anonymous_10)
FNDA:1,(anonymous_11)
FNDA:1,(anonymous_12)
FNDA:3,(anonymous_13)
FNDA:45,(anonymous_14)
DA:29,2
DA:30,22
DA:32,2
DA:43,11
DA:44,33
DA:45,11
DA:47,11
DA:48,11
DA:50,11
DA:51,11
DA:52,4
DA:53,4
DA:54,9
DA:55,4
DA:59,1
DA:76,4
DA:78,11
DA:79,11
DA:91,84
DA:92,84
DA:93,84
DA:94,84
DA:102,84
DA:103,39
DA:108,11
DA:109,11
DA:111,11
DA:112,11
DA:113,11
DA:114,11
DA:116,11
DA:117,11
DA:121,11
DA:133,9
DA:134,2
DA:135,2
DA:147,2
DA:150,7
DA:151,7
DA:156,2
DA:170,11
DA:174,84
DA:193,310
DA:202,33
DA:211,1
DA:216,1
DA:238,3
DA:239,3
DA:244,45
LF:49
LH:49
BRDA:52,0,0,3
BRDA:52,0,1,1
BRDA:56,1,0,3
BRDA:56,1,1,1
BRDA:78,2,0,11
BRDA:78,2,1,0
BRDA:109,3,0,0
BRDA:109,3,1,11
BRDA:109,4,0,11
BRDA:109,4,1,11
BRDA:125,5,0,1
BRDA:125,5,1,10
BRDA:127,6,0,1
BRDA:127,6,1,9
BRDA:133,7,0,2
BRDA:133,7,1,7
BRDA:141,8,0,1
BRDA:141,8,1,1
BRDA:177,9,0,84
BRDA:177,9,1,62
BRDA:203,10,0,22
BRDA:203,10,1,11
BRDA:204,11,0,4
BRDA:204,11,1,29
BRDA:205,12,0,11
BRDA:205,12,1,22
BRDA:207,13,0,33
BRDA:207,13,1,7
BRDA:207,13,2,1
BRDA:210,14,0,0
BRDA:210,14,1,1
BRDA:225,15,0,84
BRDA:225,15,1,11
BRDA:248,16,0,84
BRDA:248,16,1,73
BRF:35
BRH:32
end_of_record
TN:
SF:src/components/Contributions.tsx
FN:14,Row
FN:22,(anonymous_1)
FN:22,(anonymous_2)
FN:25,(anonymous_3)
FN:28,(anonymous_4)
FN:69,ContributionBreakdown
FN:71,(anonymous_6)
FN:73,(anonymous_7)
FN:74,(anonymous_8)
FN:83,(anonymous_9)
FNF:10
FNH:10
FNDA:135,Row
FNDA:1,(anonymous_1)
FNDA:1,(anonymous_2)
FNDA:1,(anonymous_3)
FNDA:1,(anonymous_4)
FNDA:53,ContributionBreakdown
FNDA:109,(anonymous_6)
FNDA:133,(anonymous_7)
FNDA:133,(anonymous_8)
FNDA:133,(anonymous_9)
DA:15,135
DA:16,135
DA:18,135
DA:22,1
DA:26,1
DA:27,1
DA:28,1
DA:70,53
DA:71,109
DA:73,133
DA:74,133
DA:76,53
DA:84,133
LF:13
LH:13
BRDA:16,0,0,135
BRDA:16,0,1,0
BRDA:26,1,0,1
BRDA:26,1,1,0
BRDA:26,2,0,1
BRDA:26,2,1,0
BRDA:33,3,0,2
BRDA:33,3,1,133
BRDA:41,4,0,92
BRDA:41,4,1,43
BRDA:49,5,0,135
BRDA:49,5,1,0
BRDA:54,6,0,135
BRDA:54,6,1,2
BRDA:69,7,0,53
BRDA:70,8,0,52
BRDA:70,8,1,1
BRF:17
BRH:13
end_of_record
TN:
SF:src/components/DetailPanel.tsx
FN:9,Prov
FN:22,Note
FN:53,Confidence
FN:68,(anonymous_3)
FN:77,BranchDetail
FN:189,(anonymous_5)
FN:190,(anonymous_6)
FN:191,(anonymous_7)
FN:218,(anonymous_8)
FN:235,ZoneDetail
FN:244,(anonymous_10)
FN:308,(anonymous_11)
FN:361,OverlapDetail
FN:370,(anonymous_13)
FN:373,(anonymous_14)
FN:374,(anonymous_15)
FN:410,(anonymous_16)
FN:411,(anonymous_17)
FN:412,(anonymous_18)
FN:415,(anonymous_19)
FN:433,DetailPanel
FN:455,(anonymous_21)
FN:464,(anonymous_22)
FNF:23
FNH:23
FNDA:132,Prov
FNDA:25,Note
FNDA:16,Confidence
FNDA:10,(anonymous_3)
FNDA:16,BranchDetail
FNDA:14,(anonymous_5)
FNDA:1,(anonymous_6)
FNDA:23,(anonymous_7)
FNDA:16,(anonymous_8)
FNDA:9,ZoneDetail
FNDA:9,(anonymous_10)
FNDA:1,(anonymous_11)
FNDA:5,OverlapDetail
FNDA:5,(anonymous_13)
FNDA:4,(anonymous_14)
FNDA:8,(anonymous_15)
FNDA:8,(anonymous_16)
FNDA:4,(anonymous_17)
FNDA:8,(anonymous_18)
FNDA:1,(anonymous_19)
FNDA:46,DetailPanel
FNDA:28,(anonymous_21)
FNDA:13,(anonymous_22)
DA:10,132
DA:15,132
DA:23,25
DA:24,11
DA:37,14
DA:54,16
DA:69,10
DA:86,16
DA:87,16
DA:190,14
DA:191,23
DA:219,16
DA:244,9
DA:245,9
DA:308,1
DA:370,5
DA:371,5
DA:372,4
DA:373,4
DA:374,8
DA:376,4
DA:410,8
DA:411,4
DA:413,8
DA:415,1
DA:442,46
DA:443,14
DA:454,32
DA:455,28
DA:456,17
DA:463,15
DA:464,13
DA:465,10
DA:472,5
LF:34
LH:34
BRDA:23,0,0,11
BRDA:23,0,1,14
BRDA:45,1,0,14
BRDA:45,1,1,5
BRDA:60,2,0,11
BRDA:60,2,1,5
BRDA:168,3,0,16
BRDA:168,3,1,0
BRDA:176,4,0,16
BRDA:176,4,1,14
BRDA:191,5,0,14
BRDA:191,5,1,0
BRDA:201,6,0,16
BRDA:201,6,1,16
BRDA:305,7,0,9
BRDA:305,7,1,0
BRDA:323,8,0,2
BRDA:323,8,1,7
BRDA:339,9,0,9
BRDA:339,9,1,0
BRDA:345,10,0,9
BRDA:345,10,1,2
BRDA:371,11,0,1
BRDA:371,11,1,4
BRDA:442,12,0,14
BRDA:442,12,1,32
BRDA:454,13,0,17
BRDA:454,13,1,15
BRDA:456,14,0,16
BRDA:456,14,1,1
BRDA:463,15,0,10
BRDA:463,15,1,5
BRDA:465,16,0,9
BRDA:465,16,1,1
BRF:34
BRH:30
end_of_record
TN:
SF:src/components/HowItWorks.tsx
FN:7,Weights
FN:12,(anonymous_1)
FN:33,HowItWorks
FN:77,(anonymous_3)
FN:85,(anonymous_4)
FN:125,(anonymous_5)
FN:146,(anonymous_6)
FNF:7
FNH:7
FNDA:33,Weights
FNDA:110,(anonymous_1)
FNDA:11,HowItWorks
FNDA:33,(anonymous_3)
FNDA:33,(anonymous_4)
FNDA:44,(anonymous_5)
FNDA:33,(anonymous_6)
DA:8,33
DA:9,33
DA:13,110
DA:34,11
DA:35,11
DA:36,11
DA:37,33
DA:40,11
DA:78,33
DA:86,33
DA:126,44
DA:147,33
LF:12
LH:12
BRDA:16,0,0,88
BRDA:16,0,1,22
BRDA:17,1,0,88
BRDA:17,1,1,22
BRDA:23,2,0,88
BRDA:23,2,1,22
BRF:6
BRH:6
end_of_record
TN:
SF:src/components/MapControls.tsx
FN:30,LayerToggles
FN:40,(anonymous_1)
FN:45,(anonymous_2)
FN:57,Legend
FN:70,(anonymous_4)
FN:86,(anonymous_5)
FNF:6
FNH:6
FNDA:25,LayerToggles
FNDA:125,(anonymous_1)
FNDA:2,(anonymous_2)
FNDA:26,Legend
FNDA:78,(anonymous_4)
FNDA:15,(anonymous_5)
DA:6,2
DA:37,25
DA:41,125
DA:45,2
DA:58,26
DA:59,26
DA:61,26
DA:71,78
DA:87,15
LF:9
LH:9
BRDA:65,0,0,26
BRDA:65,0,1,26
BRDA:74,1,0,78
BRDA:74,1,1,0
BRDA:81,2,0,26
BRDA:81,2,1,5
BRDA:90,3,0,15
BRDA:90,3,1,6
BRDA:97,4,0,26
BRDA:97,4,1,6
BRDA:114,5,0,26
BRDA:114,5,1,26
BRF:12
BRH:11
end_of_record
TN:
SF:src/components/Ranking.tsx
FN:24,(anonymous_0)
FN:25,(anonymous_1)
FN:36,(anonymous_2)
FN:37,(anonymous_3)
FN:43,(anonymous_4)
FN:44,(anonymous_5)
FN:50,(anonymous_6)
FN:51,(anonymous_7)
FN:57,(anonymous_8)
FN:58,(anonymous_9)
FN:64,(anonymous_10)
FN:65,(anonymous_11)
FN:71,(anonymous_12)
FN:72,(anonymous_13)
FN:78,Ranking
FN:90,(anonymous_15)
FN:91,(anonymous_16)
FN:92,(anonymous_17)
FN:93,(anonymous_18)
FN:113,(anonymous_19)
FN:120,(anonymous_20)
FN:132,(anonymous_21)
FN:136,(anonymous_22)
FN:137,(anonymous_23)
FN:148,(anonymous_24)
FN:152,(anonymous_25)
FN:154,(anonymous_26)
FN:169,TopZones
FN:170,(anonymous_28)
FN:173,(anonymous_29)
FN:174,(anonymous_30)
FN:198,(anonymous_31)
FN:199,(anonymous_32)
FNF:33
FNH:29
FNDA:4,(anonymous_0)
FNDA:53,(anonymous_1)
FNDA:86,(anonymous_2)
FNDA:53,(anonymous_3)
FNDA:0,(anonymous_4)
FNDA:53,(anonymous_5)
FNDA:0,(anonymous_6)
FNDA:53,(anonymous_7)
FNDA:0,(anonymous_8)
FNDA:53,(anonymous_9)
FNDA:0,(anonymous_10)
FNDA:53,(anonymous_11)
FNDA:14,(anonymous_12)
FNDA:53,(anonymous_13)
FNDA:19,Ranking
FNDA:19,(anonymous_15)
FNDA:47,(anonymous_16)
FNDA:57,(anonymous_17)
FNDA:52,(anonymous_18)
FNDA:76,(anonymous_19)
FNDA:3,(anonymous_20)
FNDA:133,(anonymous_21)
FNDA:4,(anonymous_22)
FNDA:4,(anonymous_23)
FNDA:53,(anonymous_24)
FNDA:2,(anonymous_25)
FNDA:371,(anonymous_26)
FNDA:5,TopZones
FNDA:5,(anonymous_28)
FNDA:11,(anonymous_29)
FNDA:5,(anonymous_30)
FNDA:10,(anonymous_31)
FNDA:1,(anonymous_32)
DA:20,2
DA:24,4
DA:26,53
DA:36,86
DA:37,53
DA:43,0
DA:44,53
DA:50,0
DA:51,53
DA:57,0
DA:58,53
DA:64,0
DA:65,53
DA:71,14
DA:72,53
DA:76,2
DA:87,19
DA:88,19
DA:90,19
DA:91,47
DA:92,57
DA:93,19
DA:94,52
DA:95,52
DA:97,52
DA:100,52
DA:104,19
DA:114,76
DA:120,3
DA:133,133
DA:137,4
DA:149,53
DA:152,2
DA:155,371
DA:170,5
DA:172,5
DA:173,11
DA:174,5
DA:179,5
DA:199,10
LF:40
LH:36
BRDA:91,0,0,19
BRDA:91,0,1,0
BRDA:92,1,0,57
BRDA:92,1,1,6
BRDA:97,2,0,50
BRDA:97,2,1,2
BRDA:97,3,0,52
BRDA:97,3,1,50
BRDA:100,4,0,45
BRDA:100,4,1,7
BRDA:118,5,0,19
BRDA:118,5,1,57
BRDA:122,6,0,19
BRDA:122,6,1,57
BRDA:124,7,0,57
BRDA:124,7,1,0
BRDA:135,8,0,114
BRDA:135,8,1,19
BRDA:137,9,0,2
BRDA:137,9,1,2
BRDA:142,10,0,19
BRDA:142,10,1,114
BRDA:142,11,0,17
BRDA:142,11,1,2
BRDA:151,12,0,53
BRDA:151,12,1,3
BRDA:155,13,0,318
BRDA:155,13,1,53
BRDA:156,14,0,371
BRDA:156,14,1,0
BRF:30
BRH:27
end_of_record
